<?xml version="1.0" encoding="UTF-8"?>
<!-- Generated by org.testng.reporters.JUnitReportReporter -->
<testsuite hostname="RAYAN" failures="0" tests="1" name="Banana_TestRunner.Banana_TestRunner" time="25.137" errors="0" timestamp="2023-10-08T21:21:32 EDT" skipped="0">
  <testcase classname="Banana_TestRunner.Banana_TestRunner" name="feature" time="25.137"/>
</testsuite> <!-- Banana_TestRunner.Banana_TestRunner -->
